(---------------------------------------------------------------------)
(                                                                     )
(    DRC Update                                                       )
(                                                                     )
(    Drawing          : disceep.brd                                   )
(    Software Version : 16.5S028                                      )
(    Date/Time        : Tue Nov 04 15:16:34 2014                      )
(                                                                     )
(---------------------------------------------------------------------)


 ========= check shapes                       0:00:00
 ========= check standalone pins              0:00:00
 ========= check symbols (pins,lines,text)    0:00:00
 ========= check xnets                        0:00:00
 ========= check nets                         0:00:00
 ========= check standalone branches          0:00:00
 ========= check standalone filled rectangles 0:00:00
 ========= check standalone lines             0:00:00
 ========= check standalone text              0:00:00
 ========= check standalone rectangles        0:00:00

 ..... Total number of DRC errors  27


WARNING: 38 dynamic shape(s) out of date; checking skipped on these elements.

 ..... DRC update completed, total CPU time   0:00:00
 *************************************************************************

