(---------------------------------------------------------------------)
(                                                                     )
(    Allegro Netrev Import Logic                                      )
(                                                                     )
(    Drawing          : disceep.brd                                   )
(    Software Version : 16.5S028                                      )
(    Date/Time        : Wed Nov 12 12:37:26 2014                      )
(                                                                     )
(---------------------------------------------------------------------)


------ Directives ------

RIPUP_ETCH FALSE;
RIPUP_DELETE_FIRST_SEGMENT FALSE;
RIPUP_RETAIN_BONDWIRE FALSE;
RIPUP_SYMBOLS ALWAYS;
Missing symbol has error FALSE;
SCHEMATIC_DIRECTORY 'C:\USERS\DV\DOCUMENTS\GITHUB\DISCEEP\allegro';
BOARD_DIRECTORY 'C:/Users/DV/Documents/github/Disceep/allegro';
OLD_BOARD_NAME 'C:/Users/DV/Documents/github/Disceep/allegro/disceep.brd';
NEW_BOARD_NAME 'C:/Users/DV/Documents/github/Disceep/allegro/disceep.brd';

CmdLine: netrev.exe -5 -y 1 -i C:\USERS\DV\DOCUMENTS\GITHUB\DISCEEP\allegro C:\Users\DV\Documents\github\Disceep\allegro\disceep.brd C:\Users\DV\Documents\github\Disceep\allegro\disceep.brd

------ Preparing to read pst files ------

Starting to read C:/USERS/DV/DOCUMENTS/GITHUB/DISCEEP/allegro/pstchip.dat 
   Finished reading C:/USERS/DV/DOCUMENTS/GITHUB/DISCEEP/allegro/pstchip.dat (00:00:00.09)
Starting to read C:/USERS/DV/DOCUMENTS/GITHUB/DISCEEP/allegro/pstxprt.dat 
   Finished reading C:/USERS/DV/DOCUMENTS/GITHUB/DISCEEP/allegro/pstxprt.dat (00:00:00.01)
Starting to read C:/USERS/DV/DOCUMENTS/GITHUB/DISCEEP/allegro/pstxnet.dat 
   Finished reading C:/USERS/DV/DOCUMENTS/GITHUB/DISCEEP/allegro/pstxnet.dat (00:00:00.00)

------ Oversights/Warnings/Errors ------


#1   WARNING(SPMHNI-192): Device/Symbol check warning detected. [help]

WARNING(SPMHNI-194): Symbol 'CR1632_HORIZONTAL' for device 'SILVEROXIDEBAT_CR1632_HORIZONTA' not found in PSMPATH or must be "dbdoctor"ed.

------ Library Paths ------
MODULEPATH =  . 
           C:/Cadence/SPB_16.5/share/local/pcb/modules 

PSMPATH =  C:/Users/DV/Documents/github/ProductionParts 
           C:/USERS/DV/DOCUMENTS/GITHUB/PreProductionParts/ 
           C:/Users/DV/Documents/github/Parts/ 
           . 
           symbols 
           .. 
           ../symbols 
           C:/Cadence/SPB_16.5/share/local/pcb/symbols 
           C:/Cadence/SPB_16.5/share/pcb/pcb_lib/symbols 
           C:/Cadence/SPB_16.5/share/pcb/allegrolib/symbols 
           C:/USERS/DV/DOCUMENTS/GITHUB/Allegro_Design_Library/ 

PADPATH =  C:/USERS/DV/DOCUMENTS/GITHUB/Allegro_Design_Library/ 
           . 
           symbols 
           .. 
           ../symbols 
           C:/Cadence/SPB_16.5/share/local/pcb/padstacks 
           C:/Cadence/SPB_16.5/share/pcb/pcb_lib/symbols 
           C:/Cadence/SPB_16.5/share/pcb/allegrolib/symbols 
           C:/Users/DV/Documents/github/PADS/ 
           C:/Users/DV/Documents/github/ProductionParts 
           C:?Users/DV/Documents/github/PreProductionParts 
           C:/Users/DV/Documents/github/Parts/ 


------ Summary Statistics ------


netrev run on Nov 12 12:37:26 2014
   DESIGN NAME : 'DISCEEP'
   PACKAGING ON Mar 26 2012 19:10:13

   COMPILE 'logic'
   CHECK_PIN_NAMES OFF
   CROSS_REFERENCE OFF
   FEEDBACK OFF
   INCREMENTAL OFF
   INTERFACE_TYPE PHYSICAL
   MAX_ERRORS 500
   MERGE_MINIMUM 5
   NET_NAME_CHARS '#%&()*+-./:=>?@[]^_`|'
   NET_NAME_LENGTH 24
   OVERSIGHTS ON
   REPLACE_CHECK OFF
   SINGLE_NODE_NETS ON
   SPLIT_MINIMUM 0
   SUPPRESS   20
   WARNINGS ON

 No error detected
 No oversight detected
  1 warnings detected

cpu time      0:02:31
elapsed time  0:00:01

